::1 GET /products? 200 361 - 99.586 ms
::1 GET /products? 304 - - 5.426 ms
::1 GET /products? 304 - - 8.639 ms
::1 POST /auth/login 401 41 - 16.703 ms
::1 POST /auth/login 401 41 - 6.238 ms
::1 POST /auth/register 201 160 - 364.325 ms
::1 POST /auth/login 200 235 - 220.902 ms
::1 GET /products? 304 - - 6.115 ms
::1 GET /products? 304 - - 6.498 ms
::1 GET /products?name=pc&stock=20&category=tecnologia&minPrice=500000&maxPrice=2000000 200 26 - 20.577 ms
::1 GET /products? 304 - - 6.821 ms
::1 GET /products? 304 - - 8.944 ms
::1 PATCH /products/68e6e5011be8718c28a766d9 200 224 - 45.656 ms
::1 GET /products? 200 383 - 10.799 ms
::1 PATCH /products/68e67eddfc15d396f5962ff0 200 198 - 6.654 ms
::1 GET /products? 200 401 - 14.705 ms
::1 GET /products?category=tecnologia 200 200 - 6.553 ms
::1 GET /products?category=electrohogar 200 26 - 5.344 ms
::1 GET /products? 304 - - 5.637 ms
::1 PATCH /products/68e6e5011be8718c28a766d9 200 221 - 4.918 ms
::1 GET /products? 200 398 - 6.089 ms
::1 GET /products?category=electrohogar 304 - - 4.887 ms
::1 GET /products? 304 - - 10.545 ms
::1 PATCH /products/68e6e5011be8718c28a766d9 200 222 - 5.026 ms
::1 GET /products? 200 399 - 4.479 ms
::1 GET /products?category=electrohogar 304 - - 5.299 ms
::1 GET /products?category=Todas+las+categorias 200 26 - 3.837 ms
::1 GET /products?category=Todas+las+categorias 304 - - 6.148 ms
::1 GET /products? 304 - - 3.702 ms
::1 GET /products?category=deportes 200 26 - 3.664 ms
